<?xml version="1.0" encoding="UTF-8"?>
<!-- Generated by org.testng.reporters.JUnitXMLReporter -->
<testsuite ignored="0" hostname="DESKTOP-TH3PIIH" failures="0" tests="4" name="Test" time="0.807" errors="0" timestamp="2023-08-14T11:33:24 IDT">
  <testcase classname="automationFramework.HomeWork2" name="@BeforeTest launchBrowser" time="0.063">
    <failure type="java.lang.NoSuchMethodError" message="&amp;apos;com.google.common.collect.ImmutableMap com.google.common.collect.ImmutableMap.of(java.lang.Object, java.lang.Object, java.lang.Object, java.lang.Object, java.lang.Object, java.lang.Object, java.lang.Object, java.lang.Object, java.lang.Object, java.lang.Object, java.lang.Object, java.lang.Object)&amp;apos;">
      <![CDATA[java.lang.NoSuchMethodError: 'com.google.common.collect.ImmutableMap com.google.common.collect.ImmutableMap.of(java.lang.Object, java.lang.Object, java.lang.Object, java.lang.Object, java.lang.Object, java.lang.Object, java.lang.Object, java.lang.Object, java.lang.Object, java.lang.Object, java.lang.Object, java.lang.Object)'
at org.openqa.selenium.chrome.AddHasCasting.getAdditionalCommands(AddHasCasting.java:38)
at org.openqa.selenium.chrome.ChromeDriver$ChromeDriverCommandExecutor.getExtraCommands(ChromeDriver.java:116)
at org.openqa.selenium.chrome.ChromeDriver$ChromeDriverCommandExecutor.<init>(ChromeDriver.java:111)
at org.openqa.selenium.chrome.ChromeDriver.generateExecutor(ChromeDriver.java:101)
at org.openqa.selenium.chrome.ChromeDriver.<init>(ChromeDriver.java:88)
at org.openqa.selenium.chrome.ChromeDriver.<init>(ChromeDriver.java:84)
at org.openqa.selenium.chrome.ChromeDriver.<init>(ChromeDriver.java:52)
at automationFramework.HomeWork2.launchBrowser(HomeWork2.java:32)
... Removed 22 stack frames]]>
    </failure>
  </testcase> <!-- @BeforeTest launchBrowser -->
  <testcase classname="automationFramework.HomeWork2" name="credentialsTest" time="0.0">
    <skipped/>
  </testcase> <!-- credentialsTest -->
  <testcase classname="automationFramework.HomeWork2" name="credentialsTest" time="0.0">
    <skipped/>
  </testcase> <!-- credentialsTest -->
  <testcase classname="automationFramework.HomeWork2" name="credentialsTest" time="0.0">
    <skipped/>
  </testcase> <!-- credentialsTest -->
  <testcase classname="automationFramework.HomeWork2" name="credentialsTest" time="0.001">
    <skipped/>
  </testcase> <!-- credentialsTest -->
</testsuite> <!-- Test -->
